iter 0
0.00 0.00 0.00 0.00 
0.00 0.00 0.00 0.00 
0.00 0.00 0.00 0.00 
0.00 0.00 0.00 0.00 
X up up up 
up up up up 
up up up up 
up up up X
--------------------
iter 1
0.00 -13.93 -19.91 -21.90 
-13.93 -17.92 -19.91 -19.91 
-19.91 -19.91 -17.93 -13.95 
-21.90 -19.91 -13.95 0.00 
X left left left 
up up left down 
up up down down 
up right right X
--------------------
iter 2
0.00 -1.00 -2.00 -3.00 
-1.00 -2.00 -3.00 -2.00 
-2.00 -3.00 -2.00 -1.00 
-3.00 -2.00 -1.00 0.00 
X left left left 
up up up down 
up up down down 
up right right X
--------------------
