iter 1
0.00 -1.00 -1.00 -1.00 
-1.00 -1.00 -1.00 -1.00 
-1.00 -1.00 -1.00 -1.00 
-1.00 -1.00 -1.00 0.00 
--------------------
iter 2
0.00 -1.00 -2.00 -2.00 
-1.00 -2.00 -2.00 -2.00 
-2.00 -2.00 -2.00 -1.00 
-2.00 -2.00 -1.00 0.00 
--------------------
iter 3
0.00 -1.00 -2.00 -3.00 
-1.00 -2.00 -3.00 -2.00 
-2.00 -3.00 -2.00 -1.00 
-3.00 -2.00 -1.00 0.00 
--------------------
iter 4
0.00 -1.00 -2.00 -3.00 
-1.00 -2.00 -3.00 -2.00 
-2.00 -3.00 -2.00 -1.00 
-3.00 -2.00 -1.00 0.00 
--------------------
